

Microchip Technology PIC18 LITE Macro Assembler V1.20 build 52243 
                                                                                               Tue Aug 27 05:39:38 2013

Microchip Technology Omniscient Code Generator (Lite mode) build 52243
     1                           	processor	18F4550
     2                           	fnconf	rparam,??,?,0
     3                           	opt	pw 120
     4                           	opt	lm
     5                           	psect	idataCOMRAM,global,class=CODE,delta=1
     6                           	psect	smallconst,global,reloc=2,class=SMALLCONST,delta=1
     7                           	psect	cinit,global,reloc=2,class=CODE,delta=1
     8                           	psect	bssCOMRAM,global,class=COMRAM,space=1,delta=1
     9                           	psect	dataCOMRAM,global,class=COMRAM,space=1,delta=1
    10                           	psect	cstackCOMRAM,global,class=COMRAM,space=1,delta=1
    11                           	psect	text0,global,reloc=2,class=CODE,delta=1
    12                           	psect	intsave_regs,global,class=BIGRAM,space=1,delta=1
    13                           	psect	rparam,global,class=COMRAM,space=1,delta=1
    14                           	dabs	1,0x400,4,_ep0_out_bd
    15                           	dabs	1,0x500,64,_ep0_out_buffer
    16                           	dabs	1,0x40C,4,_ep1_bd
    17                           	dabs	1,0x404,4,_ep0_in_bd
    18                           	dabs	1,0x580,64,_ep1_buffer
    19                           	dabs	1,0x5C0,64,_ep2_buffer
    20                           	dabs	1,0x540,64,_ep0_in_buffer
    21                           	dabs	1,0x410,4,_ep2_bd
    22  0000                     
    23 ;; Function _ep0_in_handler_send_descriptor is unused but had its address taken
    24  0000                     
    25 ;; Function _ep0_out_handler_ack is unused but had its address taken
    26  0000                     
    27 ;; Function _ep0_in_handler_ack is unused but had its address taken
    28  0000                     
    29 ;; Function _ep0_in_handler_set_address is unused but had its address taken
    30  0000                     
    31 ;; Function _ep0_in_handler_configure is unused but had its address taken
    32  0000                     
    33                           	psect	idataCOMRAM
    34  00088E                     __pidataCOMRAM:
    35                           	opt stack 0
    36                           
    37                           ;initializer for _ep1_last_data_bit
    38  00088E  01                 	db	1
    39                           
    40                           ;initializer for _ep1_sent
    41  00088F  01                 	db	1
    42                           
    43                           	psect	smallconst
    44  000800                     __psmallconst:
    45                           	opt stack 0
    46  000800                     _conf_desc_0:
    47                           	opt stack 0
    48  000800  09                 	db	9
    49  000801  02                 	db	2
    50  000802  20                 	db	32
    51  000803  00                 	db	0
    52  000804  01                 	db	1
    53  000805  01                 	db	1
    54  000806  00                 	db	0
    55  000807  80                 	db	128
    56  000808  32                 	db	50
    57  000809  09                 	db	9
    58  00080A  04                 	db	4
    59  00080B  00                 	db	0
    60  00080C  00                 	db	0
    61  00080D  02                 	db	2
    62  00080E  FF                 	db	255
    63  00080F  FF                 	db	255
    64  000810  FF                 	db	255
    65  000811  02                 	db	2
    66  000812  07                 	db	7
    67  000813  05                 	db	5
    68  000814  81                 	db	129
    69  000815  02                 	db	2
    70  000816  40                 	db	64
    71  000817  00                 	db	0
    72  000818  0F                 	db	15
    73  000819  07                 	db	7
    74  00081A  05                 	db	5
    75  00081B  02                 	db	2
    76  00081C  02                 	db	2
    77  00081D  40                 	db	64
    78  00081E  00                 	db	0
    79  00081F  0F                 	db	15
    80  000820                     __end_of_conf_desc_0:
    81                           	opt stack 0
    82  000820                     _string_desc_2:
    83                           	opt stack 0
    84  000820  18                 	db	24
    85  000821  03                 	db	3
    86  000822  50                 	db	80
    87  000823  00                 	db	0
    88  000824  00                 	db	0
    89  000825  52                 	db	82
    90  000826  00                 	db	0
    91  000827  4F                 	db	79
    92  000828  00                 	db	0
    93  000829  47                 	db	71
    94  00082A  00                 	db	0
    95  00082B  52                 	db	82
    96  00082C  00                 	db	0
    97  00082D  41                 	db	65
    98  00082E  00                 	db	0
    99  00082F  4D                 	db	77
   100  000830  00                 	db	0
   101  000831  4D                 	db	77
   102  000832  00                 	db	0
   103  000833  45                 	db	69
   104  000834  00                 	db	0
   105  000835  52                 	db	82
   106  000836  00                 	db	0
   107  000837  00                 	db	0
   108  000838                     __end_of_string_desc_2:
   109                           	opt stack 0
   110  000838                     _dev_desc:
   111                           	opt stack 0
   112  000838  12                 	db	18
   113  000839  01                 	db	1
   114  00083A  00                 	db	0
   115  00083B  02                 	db	2
   116  00083C  00                 	db	0
   117  00083D  00                 	db	0
   118  00083E  00                 	db	0
   119  00083F  40                 	db	64
   120  000840  AD                 	db	173
   121  000841  DE                 	db	222
   122  000842  02                 	db	2
   123  000843  00                 	db	0
   124  000844  00                 	db	0
   125  000845  00                 	db	0
   126  000846  01                 	db	1
   127  000847  02                 	db	2
   128  000848  00                 	db	0
   129  000849  01                 	db	1
   130  00084A                     __end_of_dev_desc:
   131                           	opt stack 0
   132  00084A                     _string_desc_1:
   133                           	opt stack 0
   134  00084A  0C                 	db	12
   135  00084B  03                 	db	3
   136  00084C  00                 	db	0
   137  00084D  52                 	db	82
   138  00084E  00                 	db	0
   139  00084F  55                 	db	85
   140  000850  00                 	db	0
   141  000851  44                 	db	68
   142  000852  00                 	db	0
   143  000853  41                 	db	65
   144  000854  00                 	db	0
   145  000855  00                 	db	0
   146  000856                     __end_of_string_desc_1:
   147                           	opt stack 0
   148  000856                     _string_desc_0:
   149                           	opt stack 0
   150  000856  04                 	db	4
   151  000857  03                 	db	3
   152  000858  09                 	db	9
   153  000859  04                 	db	4
   154  00085A                     __end_of_string_desc_0:
   155                           	opt stack 0
   156  0000                     _TABLAT	set	4085
   157  0000                     _TBLPTRH	set	4087
   158  0000                     _TBLPTRL	set	4086
   159  0000                     _TBLPTRU	set	4088
   160  0000                     _UADDR	set	3950
   161  0000                     _UCFG	set	3951
   162  0000                     _UCON	set	3949
   163  0000                     _UCONbits	set	3949
   164  0000                     _UEP0	set	3952
   165  0000                     _UEP1	set	3953
   166  0000                     _UEP2	set	3954
   167  0000                     _UIE	set	3945
   168  0000                     _UIR	set	3944
   169  0000                     _UIRbits	set	3944
   170  0000                     _USTAT	set	3948
   171  00085A  00                 	db	0	; dummy byte at the end
   172  0000                     
   173                           ; #config settings
   174                           
   175                           	psect	cinit
   176  00085C                     __pcinit:
   177                           	opt stack 0
   178  00085C                     start_initialization:
   179                           	opt stack 0
   180  00085C                     __initialization:
   181                           	opt stack 0
   182                           
   183                           ; Clear objects allocated to COMRAM (23 bytes)
   184  00085C  EE00  F001         	lfsr	0,__pbssCOMRAM
   185  000860  0E17               	movlw	23
   186  000862                     clear_0:
   187  000862  6AEE               	clrf	postinc0,c
   188  000864  06E8               	decf	wreg,f,c
   189  000866  E1FD               	bnz	clear_0
   190                           
   191                           ; Initialize objects allocated to COMRAM (2 bytes)
   192                           ; load TBLPTR registers with __pidataCOMRAM
   193  000868  0E8E               	movlw	low __pidataCOMRAM
   194  00086A  6EF6               	movwf	tblptrl,c
   195  00086C  0E08               	movlw	high __pidataCOMRAM
   196  00086E  6EF7               	movwf	tblptrh,c
   197  000870  0E00               	movlw	low (__pidataCOMRAM shr (0+16))
   198  000872  6EF8               	movwf	tblptru,c
   199  000874  0009               	tblrd		*+	;fetch initializer
   200  000876  CFF5 F01D          	movff	tablat,__pdataCOMRAM
   201  00087A  0009               	tblrd		*+	;fetch initializer
   202  00087C  CFF5 F01E          	movff	tablat,__pdataCOMRAM+1
   203  000880                     end_of_initialization:
   204                           	opt stack 0
   205  000880                     __end_of__initialization:
   206                           	opt stack 0
   207  000880  0E00               	movlw	low (__Lmediumconst shr (0+16))
   208  000882  6EF8               	movwf	tblptru,c
   209  000884  0100               	movlb	0
   210  000886  EF45  F004         	goto	_main	;jump to C main() function
   211                           tblptru	equ	0xFF8
   212                           tblptrh	equ	0xFF7
   213                           tblptrl	equ	0xFF6
   214                           tablat	equ	0xFF5
   215                           postinc0	equ	0xFEE
   216                           wreg	equ	0xFE8
   217                           
   218                           	psect	bssCOMRAM
   219  000001                     __pbssCOMRAM:
   220                           	opt stack 0
   221  000001                     _ep0_in_decsriptor:
   222                           	opt stack 0
   223  000001                     	ds	2
   224  000003                     _ep0_in_handler:
   225                           	opt stack 0
   226  000003                     	ds	2
   227  000005                     _ep0_in_total_bytes_sent:
   228                           	opt stack 0
   229  000005                     	ds	2
   230  000007                     _ep0_in_total_bytes_sent_on_last_transfer:
   231                           	opt stack 0
   232  000007                     	ds	2
   233  000009                     _ep0_in_total_bytes_to_send:
   234                           	opt stack 0
   235  000009                     	ds	2
   236  00000B                     _ep0_out_handler:
   237                           	opt stack 0
   238  00000B                     	ds	2
   239  00000D                     _ep2_receive_handler:
   240                           	opt stack 0
   241  00000D                     	ds	2
   242  00000F                     _ep0_bdstat:
   243                           	opt stack 0
   244  00000F                     	ds	1
   245  000010                     _ep0_dir:
   246                           	opt stack 0
   247  000010                     	ds	1
   248  000011                     _ep0_last_data_bit:
   249                           	opt stack 0
   250  000011                     	ds	1
   251  000012                     _ep0_temp_uaddr:
   252                           	opt stack 0
   253  000012                     	ds	1
   254  000013                     _ep2_code:
   255                           	opt stack 0
   256  000013                     	ds	1
   257  000014                     _ep2_last_data_bit:
   258                           	opt stack 0
   259  000014                     	ds	1
   260  000015                     _toggle:
   261                           	opt stack 0
   262  000015                     	ds	1
   263  000016                     _total_writen:
   264                           	opt stack 0
   265  000016                     	ds	1
   266  000017                     _usb_device_state:
   267                           	opt stack 0
   268  000017                     	ds	1
   269                           tblptru	equ	0xFF8
   270                           tblptrh	equ	0xFF7
   271                           tblptrl	equ	0xFF6
   272                           tablat	equ	0xFF5
   273                           postinc0	equ	0xFEE
   274                           wreg	equ	0xFE8
   275                           
   276                           	psect	dataCOMRAM
   277  00001D                     __pdataCOMRAM:
   278                           	opt stack 0
   279  00001D                     _ep1_last_data_bit:
   280                           	opt stack 0
   281  00001D                     	ds	1
   282  00001E                     _ep1_sent:
   283                           	opt stack 0
   284  00001E                     	ds	1
   285                           tblptru	equ	0xFF8
   286                           tblptrh	equ	0xFF7
   287                           tblptrl	equ	0xFF6
   288                           tablat	equ	0xFF5
   289                           postinc0	equ	0xFEE
   290                           wreg	equ	0xFE8
   291                           
   292                           	psect	cstackCOMRAM
   293  000018                     __pcstackCOMRAM:
   294                           	opt stack 0
   295  000018                     
   296                           ; 2 bytes @ 0x0
   297  000018                     	ds	2
   298  00001A                     
   299                           ; 3 bytes @ 0x2
   300  00001A                     	ds	3
   301  00001D                     tblptru	equ	0xFF8
   302                           tblptrh	equ	0xFF7
   303                           tblptrl	equ	0xFF6
   304                           tablat	equ	0xFF5
   305                           postinc0	equ	0xFEE
   306                           wreg	equ	0xFE8
   307                           
   308                           ; 0 bytes @ 0x5
   309 ;;
   310 ;;Main: autosize = 0, tempsize = 0, incstack = 0, save=0
   311 ;;
   312 ;; *************** function _main *****************
   313 ;; Defined at:
   314 ;;		line 14 in file "src/main.c"
   315 ;; Parameters:    Size  Location     Type
   316 ;;  argc            2    0[COMRAM] int 
   317 ;;  argv            3    2[COMRAM] PTR PTR unsigned char 
   318 ;; Auto vars:     Size  Location     Type
   319 ;;		None
   320 ;; Return value:  Size  Location     Type
   321 ;;                  2    0[COMRAM] int 
   322 ;; Registers used:
   323 ;;		None
   324 ;; Tracked objects:
   325 ;;		On entry : 0/0
   326 ;;		On exit  : 0/0
   327 ;;		Unchanged: 0/0
   328 ;; Data sizes:     COMRAM   BANK0   BANK1   BANK2   BANK3  BANK4h  BANK4l   BANK6   BANK7
   329 ;;      Params:         5       0       0       0       0       0       0       0       0
   330 ;;      Locals:         0       0       0       0       0       0       0       0       0
   331 ;;      Temps:          0       0       0       0       0       0       0       0       0
   332 ;;      Totals:         5       0       0       0       0       0       0       0       0
   333 ;;Total ram usage:        5 bytes
   334 ;; This function calls:
   335 ;;		Nothing
   336 ;; This function is called by:
   337 ;;		Startup code after reset
   338 ;; This function uses a non-reentrant model
   339 ;;
   340                           
   341                           	psect	text0
   342  00088A                     __ptext0:
   343                           	opt stack 0
   344  00088A                     _main:
   345                           	opt stack 31
   346                           
   347                           ;main.c: 16: return (0);
   348                           ;	Return value of _main is never used
   349                           
   350                           ;incstack = 0
   351                           ;incstack = 0
   352  00088A  EF00  F000         	goto	start
   353  00088E                     __end_of_main:
   354                           	opt stack 0
   355                           tblptru	equ	0xFF8
   356                           tblptrh	equ	0xFF7
   357                           tblptrl	equ	0xFF6
   358                           tablat	equ	0xFF5
   359                           postinc0	equ	0xFEE
   360                           wreg	equ	0xFE8
   361                           tblptru	equ	0xFF8
   362                           tblptrh	equ	0xFF7
   363                           tblptrl	equ	0xFF6
   364                           tablat	equ	0xFF5
   365                           postinc0	equ	0xFEE
   366                           wreg	equ	0xFE8
   367                           
   368                           	psect	rparam
   369  0000                     tblptru	equ	0xFF8
   370                           tblptrh	equ	0xFF7
   371                           tblptrl	equ	0xFF6
   372                           tablat	equ	0xFF5
   373                           postinc0	equ	0xFEE
   374                           wreg	equ	0xFE8


Data Sizes:
    Strings     0
    Constant    90
    Data        2
    BSS         23
    Persistent  0
    Stack       0

Auto Spaces:
    Space          Size  Autos    Used
    COMRAM           95      5      30
    BANK0           160      0       0
    BANK1           256      0       0
    BANK2           256      0       0
    BANK3           256      0       0
    BANK4h          236      0       0
    BANK4l            4      0       0
    BANK6           256      0       0
    BANK7           256      0       0

Pointer List with Targets:

    ep2_receive_handler	PTR FTN()void  size(2) Largest target is 0
		 -> Absolute function(), 

    ep0_in_decsriptor	PTR unsigned char  size(2) Largest target is 32
		 -> NULL(NULL[0]), string_desc_2(CODE[24]), string_desc_1(CODE[12]), string_desc_0(CODE[4]), 
		 -> conf_desc_0(CODE[32]), dev_desc(CODE[18]), 

    ep0_out_handler	PTR FTN()void  size(2) Largest target is 0
		 -> Absolute function(), ep0_out_handler_ack(), 

    ep0_in_handler	PTR FTN()void  size(2) Largest target is 0
		 -> Absolute function(), ep0_in_handler_configure(), ep0_in_handler_set_address(), ep0_in_handler_send_descriptor(), 
		 -> ep0_in_handler_ack(), 


Critical Paths under _main in COMRAM

    None.

Critical Paths under _main in BANK0

    None.

Critical Paths under _main in BANK1

    None.

Critical Paths under _main in BANK2

    None.

Critical Paths under _main in BANK3

    None.

Critical Paths under _main in BANK4h

    None.

Critical Paths under _main in BANK4l

    None.

Critical Paths under _main in BANK6

    None.

Critical Paths under _main in BANK7

    None.

Call Graph Tables:

 ---------------------------------------------------------------------------------
 (Depth) Function   	        Calls       Base Space   Used Autos Params    Refs
 ---------------------------------------------------------------------------------
 (0) _main                                                 5     0      5       0
                                              0 COMRAM     5     0      5
 ---------------------------------------------------------------------------------
 Estimated maximum stack depth 0
 ---------------------------------------------------------------------------------

 Call Graph Graphs:

 _main (ROOT)

 Address spaces:
Name               Size   Autos  Total    Cost      Usage
BIGRAMl            3FF      0       0      24        0.0%
BIGRAMhh           200      0       0      21        0.0%
EEDATA             100      0       0       0        0.0%
BITBANK7           100      0       0      19        0.0%
BANK7              100      0       0      20        0.0%
BITBANK6           100      0       0      17        0.0%
BANK6              100      0       0      18        0.0%
BITBANK3           100      0       0      10        0.0%
BANK3              100      0       0      11        0.0%
BITBANK2           100      0       0       8        0.0%
BANK2              100      0       0       9        0.0%
BITBANK1           100      0       0       6        0.0%
BANK1              100      0       0       7        0.0%
BIGRAMhlh           EC      0       0      22        0.0%
BANK4h              EC      0       0      14        0.0%
BITBANK4h           EC      0       0      12        0.0%
BITBANK0            A0      0       0       4        0.0%
BANK0               A0      0       0       5        0.0%
BITCOMRAM           5F      0       0       0        0.0%
COMRAM              5F      5      1E       1       31.6%
BIGRAMhll            4      0       0      23        0.0%
BITBANK4l            4      0       0      13        0.0%
BANK4l               4      0       0      15        0.0%
BITSFR               0      0       0      40        0.0%
SFR                  0      0       0      40        0.0%
STACK                0      0       0       2        0.0%
NULL                 0      0       0       0        0.0%
ABS                  0      0      1E      16        0.0%
DATA                 0      0      1E       3        0.0%
CODE                 0      0       0       0        0.0%


Microchip Technology PIC18 Macro Assembler V1.20 build 52243 
Symbol Table                                                                                   Tue Aug 27 05:39:38 2013

                                     _UIE 000F69                                       _UIR 000F68  
                                     wreg 000FE8                                      _UCFG 000F6F  
                                    _UEP0 000F70                                      _UEP1 000F71  
                                    _UEP2 000F72                                      _UCON 000F6D  
                                    _main 088A                                      start 0000  
                            _total_writen 0016                                     ?_main 0018  
                          _ep0_temp_uaddr 0012                                     _UADDR 000F6E  
                                   _USTAT 000F6C                          _usb_device_state 0017  
                                   tablat 000FF5                            _ep0_out_buffer 000500  
                         __initialization 085C                              __end_of_main 088E  
              _ep0_in_handler_set_address 000000                         _ep0_last_data_bit 0011  
                                  ??_main 001D                             __activetblptr 000002  
                                  _TABLAT 000FF5                          __end_of_dev_desc 084A  
                                  _ep1_bd 00040C                                    _ep2_bd 000410  
                                  clear_0 0862                                    _toggle 0015  
                            __pdataCOMRAM 001D                           _ep0_out_handler 000B  
                            __mediumconst 0000                                    tblptrh 000FF7  
                                  tblptrl 000FF6                                    tblptru 000FF8  
                              _ep0_bdstat 000F                                __accesstop 0060  
                 __end_of__initialization 0880                                _ep1_buffer 000580  
                              _ep2_buffer 0005C0                                _ep0_out_bd 000400  
                          __pcstackCOMRAM 0018                   _ep0_in_total_bytes_sent 0005  
                           _string_desc_0 0856                             _string_desc_1 084A  
                           _string_desc_2 0820                                   _TBLPTRH 000FF7  
                                 _TBLPTRL 000FF6                                   _TBLPTRU 000FF8  
                                 _UIRbits 000F68                                   __Hparam 0000  
                                 __Lparam 0000                                   _ep0_dir 0010  
                            __psmallconst 0800                                   __pcinit 085C  
                                 __ramtop 0800                         _ep1_last_data_bit 001D  
                                 __ptext0 088A                      end_of_initialization 0880  
                           __Lmediumconst 0000                                   postinc0 000FEE  
_ep0_in_total_bytes_sent_on_last_transfer 0007                             __pidataCOMRAM 088E  
                     start_initialization 085C                       __end_of_conf_desc_0 0820  
                               _ep0_in_bd 000404                               __pbssCOMRAM 0001  
                     _ep0_out_handler_ack 000000                       _ep2_receive_handler 000D  
                       _ep2_last_data_bit 0014                               __smallconst 0800  
                             _conf_desc_0 0800                                  _UCONbits 000F6D  
                                __Hrparam 0000                                  __Lrparam 0000  
                                _ep2_code 0013                                  _ep1_sent 001E  
                   __end_of_string_desc_0 085A                     __end_of_string_desc_1 0856  
                   __end_of_string_desc_2 0838                                  _dev_desc 0838  
                           __size_of_main 0004            _ep0_in_handler_send_descriptor 000000  
                                main@argc 0018                                  main@argv 001A  
                _ep0_in_handler_configure 000000                        _ep0_in_handler_ack 000000  
                       _ep0_in_decsriptor 0001                _ep0_in_total_bytes_to_send 0009  
                          _ep0_in_handler 0003                             _ep0_in_buffer 000540  
