Build started 09/08/2013 13:31:47.
     1>Project "C:\Users\rudarobson\Documents\GitHub\Chip-Burner\Windows Driver\Driver\Driver\Driver.vcxproj" on node 2 (Build target(s)).
     1>StampInf:
         C:\Program Files (x86)\Windows Kits\8.0\bin\x86\stampinf.exe -d "*" -a "x86" -v "*" -k "1.11" -u "1.11.0" -f VistaDebug\Driver.inf 
         Stamping VistaDebug\Driver.inf [Version] section with DriverVer=08/09/2013,13.31.47.812
       RunWpp:
         C:\Program Files (x86)\Windows Kits\8.0\bin\x86\tracewpp.exe -cfgdir:"C:\Program Files (x86)\Windows Kits\8.0\bin\wppconfig\rev1" -scan:"internal.h" -odir:"VistaDebug\\" Device.cpp Dllsup.cpp Driver.cpp IoQueue.cpp Logger.cpp 
       ClCompile:
         C:\Program Files (x86)\Microsoft Visual Studio 11.0\VC\bin\CL.exe /c /IVistaDebug\ /Zi /nologo /W4 /WX /Od /Oi /Oy- /D _X86_=1 /D i386=1 /D STD_CALL /D DEPRECATE_DDK_FUNCTIONS=1 /D MSC_NOOPT /D WIN32_LEAN_AND_MEAN=1 /D _WIN32_WINNT=0x0600 /D WINVER=0x0600 /D WINNT=1 /D NTDDI_VERSION=0x06000100 /D DBG=1 /D _WINDLL /D _ATL_STATIC_REGISTRY /D UMDF_VERSION_MAJOR=1 /D UMDF_VERSION_MINOR=11 /GF /Gm- /Zp8 /GS /Gy /fp:precise /hotpatch /Zc:wchar_t- /Zc:forScope- /GR- /Fo"VistaDebug\\" /Fd"VistaDebug\vc110.pdb" /Gz /wd4748 /wd4603 /wd4627 /wd4986 /wd4987 /wd4996 /FI"C:\Program Files (x86)\Windows Kits\8.0\Include\Shared\warning.h" /analyze- /errorReport:prompt /d1import_no_registry /d2AllowCompatibleILVersions /d2Zi+ Device.cpp Dllsup.cpp Driver.cpp IoQueue.cpp Logger.cpp
         Device.cpp
         Dllsup.cpp
         Driver.cpp
         IoQueue.cpp
         Logger.cpp
         Generating Code...
       ResourceCompile:
         C:\Program Files (x86)\Windows Kits\8.0\bin\x86\rc.exe /D _X86_=1 /D i386=1 /D STD_CALL /D DEPRECATE_DDK_FUNCTIONS=1 /D MSC_NOOPT /D WIN32_LEAN_AND_MEAN=1 /D _WIN32_WINNT=0x0600 /D WINVER=0x0600 /D WINNT=1 /D NTDDI_VERSION=0x06000100 /D DBG=1 /D "SMP_ID=\\\"{9baab3bf-733a-4a6a-84e5-b9849cf98baf}\\\"" /l"0x0409" /IVistaDebug\ /nologo /fo"VistaDebug\Driver.res" Driver.rc 
       Link:
         C:\Program Files (x86)\Microsoft Visual Studio 11.0\VC\bin\link.exe /ERRORREPORT:PROMPT /OUT:"C:\Users\rudarobson\Documents\GitHub\Chip-Burner\Windows Driver\Driver\VistaDebug\Driver.dll" /VERSION:"6.2" /INCREMENTAL:NO /NOLOGO /WX /FUNCTIONPADMIN:5 /SECTION:"INIT,d" /DEF:".\Exports.def" /MANIFEST:NO /DEBUG /PDB:"C:\Users\rudarobson\Documents\GitHub\Chip-Burner\Windows Driver\Driver\VistaDebug\Driver.pdb" /SUBSYSTEM:WINDOWS,"6.00" /OPT:REF /OPT:ICF /RELEASE /DYNAMICBASE /NXCOMPAT /IMPLIB:"C:\Users\rudarobson\Documents\GitHub\Chip-Burner\Windows Driver\Driver\VistaDebug\Driver.lib" /MERGE:"_TEXT=.text;_PAGE=PAGE" /MACHINE:X86 /SAFESEH /IGNORE:4198,4010,4037,4039,4065,4070,4078,4087,4089,4221 /osversion:6.2 /pdbcompress /debugtype:pdata /DLL VistaDebug\Driver.res
         VistaDebug\Device.obj
         VistaDebug\Dllsup.obj
         VistaDebug\Driver.obj
         VistaDebug\IoQueue.obj
         VistaDebug\Logger.obj
            Creating library C:\Users\rudarobson\Documents\GitHub\Chip-Burner\Windows Driver\Driver\VistaDebug\Driver.lib and object C:\Users\rudarobson\Documents\GitHub\Chip-Burner\Windows Driver\Driver\VistaDebug\Driver.exp
         Driver.vcxproj -> C:\Users\rudarobson\Documents\GitHub\Chip-Burner\Windows Driver\Driver\VistaDebug\Driver.dll
       DriverTestSign:
         C:\Program Files (x86)\Windows Kits\8.0\bin\x86\signtool.exe sign /ph /sha1 "BA628648CBFA66804C22277D3ACFB8F7757967C9" 
         Done Adding Additional Store
         Successfully signed: C:\Users\rudarobson\Documents\GitHub\Chip-Burner\Windows Driver\Driver\VistaDebug\Driver.dll
         
     1>Done Building Project "C:\Users\rudarobson\Documents\GitHub\Chip-Burner\Windows Driver\Driver\Driver\Driver.vcxproj" (Build target(s)).

Build succeeded.

Time Elapsed 00:00:08.07
