Build started 26/08/2013 18:19:02.
     1>Project "C:\Users\rudarobson\Documents\GitHub\Leonino\Windows\Driver\Leonino\Leonino\Leonino.vcxproj" on node 2 (Build target(s)).
     1>StampInf:
         C:\Program Files (x86)\Windows Kits\8.0\bin\x86\stampinf.exe -d "*" -a "amd64" -v "*" -k "1.11" -u "1.11.0" -f x64\Win7Debug\Leonino.inf 
         Stamping x64\Win7Debug\Leonino.inf [Version] section with DriverVer=08/26/2013,18.19.2.318
       RunWpp:
         C:\Program Files (x86)\Windows Kits\8.0\bin\x86\tracewpp.exe -cfgdir:"C:\Program Files (x86)\Windows Kits\8.0\bin\wppconfig\rev1" -scan:"internal.h" -odir:"x64\Win7Debug\\" Device.cpp Dllsup.cpp Driver.cpp IoQueue.cpp Logger.cpp 
       ClCompile:
         C:\Program Files (x86)\Microsoft Visual Studio 11.0\VC\bin\x86_amd64\CL.exe /c /Ix64\Win7Debug\ /Zi /nologo /W4 /WX /Od /Oi /Oy- /D _WIN64 /D _AMD64_ /D AMD64 /D DEPRECATE_DDK_FUNCTIONS=1 /D MSC_NOOPT /D WIN32_LEAN_AND_MEAN=1 /D _WIN32_WINNT=0x0601 /D WINVER=0x0601 /D WINNT=1 /D NTDDI_VERSION=0x06010000 /D DBG=1 /D _WINDLL /D _ATL_STATIC_REGISTRY /D UMDF_VERSION_MAJOR=1 /D UMDF_VERSION_MINOR=11 /GF /Gm- /Zp8 /GS /Gy /fp:precise /Zc:wchar_t- /Zc:forScope- /GR- /Fo"x64\Win7Debug\\" /Fd"x64\Win7Debug\vc110.pdb" /Gz /wd4748 /wd4603 /wd4627 /wd4986 /wd4987 /wd4996 /FI"C:\Program Files (x86)\Windows Kits\8.0\Include\Shared\warning.h" /errorReport:prompt /homeparams /d1import_no_registry /d2AllowCompatibleILVersions /d2Zi+ Device.cpp Dllsup.cpp Driver.cpp IoQueue.cpp Logger.cpp
         Device.cpp
         Dllsup.cpp
         Driver.cpp
         IoQueue.cpp
         Logger.cpp
         Generating Code...
       ResourceCompile:
         C:\Program Files (x86)\Windows Kits\8.0\bin\x86\rc.exe /D _WIN64 /D _AMD64_=1 /D AMD64 /D DEPRECATE_DDK_FUNCTIONS=1 /D MSC_NOOPT /D WIN32_LEAN_AND_MEAN=1 /D _WIN32_WINNT=0x0601 /D WINVER=0x0601 /D WINNT=1 /D NTDDI_VERSION=0x06010000 /D DBG=1 /D "SMP_ID=\\\"{9baab3bf-733a-4a6a-84e5-b9849cf98baf}\\\"" /l"0x0409" /Ix64\Win7Debug\ /nologo /fo"x64\Win7Debug\Leonino.res" Leonino.rc 
       Link:
         C:\Program Files (x86)\Microsoft Visual Studio 11.0\VC\bin\x86_amd64\link.exe /ERRORREPORT:PROMPT /OUT:"C:\Users\rudarobson\Documents\GitHub\Leonino\Windows\Driver\Leonino\x64\Win7Debug\Leonino.dll" /VERSION:"6.2" /INCREMENTAL:NO /NOLOGO /WX /FUNCTIONPADMIN:6 /SECTION:"INIT,d" "C:\Program Files (x86)\Windows Kits\8.0\lib\win7\KM\x64\hotpatch.obj" /DEF:".\Exports.def" /MANIFEST:NO /DEBUG /PDB:"C:\Users\rudarobson\Documents\GitHub\Leonino\Windows\Driver\Leonino\x64\Win7Debug\Leonino.pdb" /SUBSYSTEM:WINDOWS,"6.01" /OPT:REF /OPT:ICF /RELEASE /DYNAMICBASE /NXCOMPAT /IMPLIB:"C:\Users\rudarobson\Documents\GitHub\Leonino\Windows\Driver\Leonino\x64\Win7Debug\Leonino.lib" /MERGE:"_TEXT=.text;_PAGE=PAGE" /MACHINE:X64 /IGNORE:4198,4010,4037,4039,4065,4070,4078,4087,4089,4221,4108,4088,4218,4218,4235 /osversion:6.2 /pdbcompress /debugtype:pdata /DLL x64\Win7Debug\Leonino.res
         x64\Win7Debug\Device.obj
         x64\Win7Debug\Dllsup.obj
         x64\Win7Debug\Driver.obj
         x64\Win7Debug\IoQueue.obj
         x64\Win7Debug\Logger.obj
            Creating library C:\Users\rudarobson\Documents\GitHub\Leonino\Windows\Driver\Leonino\x64\Win7Debug\Leonino.lib and object C:\Users\rudarobson\Documents\GitHub\Leonino\Windows\Driver\Leonino\x64\Win7Debug\Leonino.exp
         Leonino.vcxproj -> C:\Users\rudarobson\Documents\GitHub\Leonino\Windows\Driver\Leonino\x64\Win7Debug\Leonino.dll
       DriverTestSign:
         C:\Program Files (x86)\Windows Kits\8.0\bin\x86\signtool.exe sign /ph /sha1 "298CDE54035D87A8935E630864D26F6B824028EB" 
         Done Adding Additional Store
         Successfully signed: C:\Users\rudarobson\Documents\GitHub\Leonino\Windows\Driver\Leonino\x64\Win7Debug\Leonino.dll
         
     1>Done Building Project "C:\Users\rudarobson\Documents\GitHub\Leonino\Windows\Driver\Leonino\Leonino\Leonino.vcxproj" (Build target(s)).

Build succeeded.

Time Elapsed 00:00:07.87
